  Doctor.cpp
  DoctorService.cpp
C:\Users\musti\Desktop\Project\HospitalManagmentSystem\DoctorService.cpp(100,29): warning C4311: 'type cast': pointer truncation from 'char *' to 'int'
C:\Users\musti\Desktop\Project\HospitalManagmentSystem\DoctorService.cpp(100,29): warning C4302: 'type cast': truncation from 'char *' to 'int'
  Employee.cpp
  EmployeeService.cpp
C:\Users\musti\Desktop\Project\HospitalManagmentSystem\EmployeeService.cpp(93,31): warning C4311: 'type cast': pointer truncation from 'char *' to 'int'
C:\Users\musti\Desktop\Project\HospitalManagmentSystem\EmployeeService.cpp(93,31): warning C4302: 'type cast': truncation from 'char *' to 'int'
  HospitalManagmentSystem.cpp
C:\Users\musti\Desktop\Project\HospitalManagmentSystem\HospitalManagmentSystem.cpp(130,20): warning C4102: 'againDoctorInput': unreferenced label
C:\Users\musti\Desktop\Project\HospitalManagmentSystem\HospitalManagmentSystem.cpp(18,19): warning C4101: 'secretaryService': unreferenced local variable
C:\Users\musti\Desktop\Project\HospitalManagmentSystem\HospitalManagmentSystem.cpp(16,15): warning C4101: 'nurseService': unreferenced local variable
C:\Users\musti\Desktop\Project\HospitalManagmentSystem\HospitalManagmentSystem.cpp(17,17): warning C4101: 'patientService': unreferenced local variable
C:\Users\musti\Desktop\Project\HospitalManagmentSystem\HospitalManagmentSystem.cpp(15,18): warning C4101: 'employeeService': unreferenced local variable
C:\Users\musti\Desktop\Project\HospitalManagmentSystem\HospitalManagmentSystem.cpp(62,9): warning C4101: 'id': unreferenced local variable
  Nurse.cpp
  NurseService.cpp
C:\Users\musti\Desktop\Project\HospitalManagmentSystem\NurseService.cpp(90,28): warning C4311: 'type cast': pointer truncation from 'char *' to 'int'
C:\Users\musti\Desktop\Project\HospitalManagmentSystem\NurseService.cpp(90,28): warning C4302: 'type cast': truncation from 'char *' to 'int'
  Patient.cpp
  PatientService.cpp
C:\Users\musti\Desktop\Project\HospitalManagmentSystem\PatientService.cpp(96,30): warning C4311: 'type cast': pointer truncation from 'char *' to 'int'
C:\Users\musti\Desktop\Project\HospitalManagmentSystem\PatientService.cpp(96,30): warning C4302: 'type cast': truncation from 'char *' to 'int'
  Secretary.cpp
  SecretaryService.cpp
C:\Users\musti\Desktop\Project\HospitalManagmentSystem\SecretaryService.cpp(93,32): warning C4311: 'type cast': pointer truncation from 'char *' to 'int'
C:\Users\musti\Desktop\Project\HospitalManagmentSystem\SecretaryService.cpp(93,32): warning C4302: 'type cast': truncation from 'char *' to 'int'
  User.cpp
  Generating Code...
  HospitalManagmentSystem.vcxproj -> C:\Users\musti\Desktop\Project\HospitalManagmentSystem\x64\Debug\HospitalManagmentSystem.exe
